<?xml version="1.0" encoding="UTF-8"?>
<!-- Generated by org.testng.reporters.JUnitReportReporter -->
<testsuite hostname="SpeechMorphing" name="com.smi.RenderingApp.RenderingApp.Login" tests="1" failures="0" timestamp="6 Apr 2017 05:00:33 GMT" time="4.581" errors="0">
  <testcase name="LoginWithValidCredential" time="4.581" classname="com.smi.RenderingApp.RenderingApp.Login"/>
</testsuite> <!-- com.smi.RenderingApp.RenderingApp.Login -->
